

Version:	3.50
CmdLine:	C:\Users\GmrPC\IdeaProjects\Sender\SenderClient.exe --l4j-debug
JNI:		No
WOW64:		Yes
Working dir:	C:\Users\GmrPC\IdeaProjects\Sender\.
Requires JDK:	No
Requires 64-Bit: No
Java min ver:	1.006.000_022
Java max ver:	
Substitute:	JAVA_HOME = C:\Program Files\Java\jdk-17
Substitute:	PATH = C:\WINDOWS\system32;C:\WINDOWS;C:\WINDOWS\System32\Wbem;C:\WINDOWS\System32\WindowsPowerShell\v1.0\;C:\WINDOWS\System32\OpenSSH\;C:\Program Files\Git\cmd;C:\Program Files\NVIDIA Corporation\NVIDIA NvDLISR;C:\Program Files (x86)\NVIDIA Corporation\PhysX\Common;C:\Program Files\Go\bin;D:\Java Projects\apache-maven-3.9.5\bin;C:\Program Files\Java\jdk-17\bin;C:\Program Files (x86)\QuickTime\QTSystem\;C:\Users\GmrPC\AppData\Local\Programs\Python\Python310\Scripts\;C:\Users\GmrPC\AppData\Local\Programs\Python\Python310\;D:\Program Files\Python\Scripts\;D:\Program Files\Python\;C:\Users\GmrPC\AppData\Local\Microsoft\WindowsApps;C:\Program Files\JetBrains\PyCharm Community Edition 2023.1.2\bin;C:\FFmpeg\bin;C:\Users\GmrPC\go\bin;C:\Users\GmrPC\AppData\Local\Programs\Microsoft VS Code\bin;C:\Program Files\Java\jdk-17\bin
JRE paths:	C:\Program Files\Java\jdk-17;C:\WINDOWS\system32;C:\WINDOWS;C:\WINDOWS\System32\Wbem;C:\WINDOWS\System32\WindowsPowerShell\v1.0\;C:\WINDOWS\System32\OpenSSH\;C:\Program Files\Git\cmd;C:\Program Files\NVIDIA Corporation\NVIDIA NvDLISR;C:\Program Files (x86)\NVIDIA Corporation\PhysX\Common;C:\Program Files\Go\bin;D:\Java Projects\apache-maven-3.9.5\bin;C:\Program Files\Java\jdk-17\bin;C:\Program Files (x86)\QuickTime\QTSystem\;C:\Users\GmrPC\AppData\Local\Programs\Python\Python310\Scripts\;C:\Users\GmrPC\AppData\Local\Programs\Python\Python310\;D:\Program Files\Python\Scripts\;D:\Program Files\Python\;C:\Users\GmrPC\AppData\Local\Microsoft\WindowsApps;C:\Program Files\JetBrains\PyCharm Community Edition 2023.1.2\bin;C:\FFmpeg\bin;C:\Users\GmrPC\go\bin;C:\Users\GmrPC\AppData\Local\Programs\Microsoft VS Code\bin;C:\Program Files\Java\jdk-17\bin
Check launcher:	C:\Program Files\Java\jdk-17\bin\javaw.exe (OK)
Version string: 1.017.000_007 / 64-Bit (OK)
Launcher:	C:\Program Files\Java\jdk-17\bin\javaw.exe
Launcher args:	-jar "C:\Users\GmrPC\IdeaProjects\Sender\SenderClient.exe"
Args length:	58/32768 chars
Exit code:	0


Version:	3.50
CmdLine:	C:\Users\GmrPC\IdeaProjects\Sender\SenderClient.exe --l4j-debug
JNI:		No
WOW64:		Yes
Working dir:	C:\Users\GmrPC\IdeaProjects\Sender\.
Requires JDK:	No
Requires 64-Bit: No
Java min ver:	1.006.000_022
Java max ver:	
Substitute:	JAVA_HOME = C:\Program Files\Java\jdk-17
Substitute:	PATH = C:\WINDOWS\system32;C:\WINDOWS;C:\WINDOWS\System32\Wbem;C:\WINDOWS\System32\WindowsPowerShell\v1.0\;C:\WINDOWS\System32\OpenSSH\;C:\Program Files\Git\cmd;C:\Program Files\NVIDIA Corporation\NVIDIA NvDLISR;C:\Program Files (x86)\NVIDIA Corporation\PhysX\Common;C:\Program Files\Go\bin;D:\Java Projects\apache-maven-3.9.5\bin;C:\Program Files\Java\jdk-17\bin;C:\Program Files (x86)\QuickTime\QTSystem\;C:\Users\GmrPC\AppData\Local\Programs\Python\Python310\Scripts\;C:\Users\GmrPC\AppData\Local\Programs\Python\Python310\;D:\Program Files\Python\Scripts\;D:\Program Files\Python\;C:\Users\GmrPC\AppData\Local\Microsoft\WindowsApps;C:\Program Files\JetBrains\PyCharm Community Edition 2023.1.2\bin;C:\FFmpeg\bin;C:\Users\GmrPC\go\bin;C:\Users\GmrPC\AppData\Local\Programs\Microsoft VS Code\bin;C:\Program Files\Java\jdk-17\bin
JRE paths:	C:\Program Files\Java\jdk-17;C:\WINDOWS\system32;C:\WINDOWS;C:\WINDOWS\System32\Wbem;C:\WINDOWS\System32\WindowsPowerShell\v1.0\;C:\WINDOWS\System32\OpenSSH\;C:\Program Files\Git\cmd;C:\Program Files\NVIDIA Corporation\NVIDIA NvDLISR;C:\Program Files (x86)\NVIDIA Corporation\PhysX\Common;C:\Program Files\Go\bin;D:\Java Projects\apache-maven-3.9.5\bin;C:\Program Files\Java\jdk-17\bin;C:\Program Files (x86)\QuickTime\QTSystem\;C:\Users\GmrPC\AppData\Local\Programs\Python\Python310\Scripts\;C:\Users\GmrPC\AppData\Local\Programs\Python\Python310\;D:\Program Files\Python\Scripts\;D:\Program Files\Python\;C:\Users\GmrPC\AppData\Local\Microsoft\WindowsApps;C:\Program Files\JetBrains\PyCharm Community Edition 2023.1.2\bin;C:\FFmpeg\bin;C:\Users\GmrPC\go\bin;C:\Users\GmrPC\AppData\Local\Programs\Microsoft VS Code\bin;C:\Program Files\Java\jdk-17\bin
Check launcher:	C:\Program Files\Java\jdk-17\bin\javaw.exe (OK)
Version string: 1.017.000_007 / 64-Bit (OK)
Launcher:	C:\Program Files\Java\jdk-17\bin\javaw.exe
Launcher args:	-jar "C:\Users\GmrPC\IdeaProjects\Sender\SenderClient.exe"
Args length:	58/32768 chars
Exit code:	0


Version:	3.50
CmdLine:	C:\Users\GmrPC\IdeaProjects\Sender\SenderClient.exe --l4j-debug
JNI:		No
WOW64:		Yes
Working dir:	C:\Users\GmrPC\IdeaProjects\Sender\.
Requires JDK:	No
Requires 64-Bit: No
Java min ver:	1.006.000_022
Java max ver:	
Substitute:	JAVA_HOME = C:\Program Files\Java\jdk-17
Substitute:	PATH = C:\WINDOWS\system32;C:\WINDOWS;C:\WINDOWS\System32\Wbem;C:\WINDOWS\System32\WindowsPowerShell\v1.0\;C:\WINDOWS\System32\OpenSSH\;C:\Program Files\Git\cmd;C:\Program Files\NVIDIA Corporation\NVIDIA NvDLISR;C:\Program Files (x86)\NVIDIA Corporation\PhysX\Common;C:\Program Files\Go\bin;D:\Java Projects\apache-maven-3.9.5\bin;C:\Program Files\Java\jdk-17\bin;C:\Program Files (x86)\QuickTime\QTSystem\;C:\Users\GmrPC\AppData\Local\Programs\Python\Python310\Scripts\;C:\Users\GmrPC\AppData\Local\Programs\Python\Python310\;D:\Program Files\Python\Scripts\;D:\Program Files\Python\;C:\Users\GmrPC\AppData\Local\Microsoft\WindowsApps;C:\Program Files\JetBrains\PyCharm Community Edition 2023.1.2\bin;C:\FFmpeg\bin;C:\Users\GmrPC\go\bin;C:\Users\GmrPC\AppData\Local\Programs\Microsoft VS Code\bin;C:\Program Files\Java\jdk-17\bin
JRE paths:	C:\Program Files\Java\jdk-17;C:\WINDOWS\system32;C:\WINDOWS;C:\WINDOWS\System32\Wbem;C:\WINDOWS\System32\WindowsPowerShell\v1.0\;C:\WINDOWS\System32\OpenSSH\;C:\Program Files\Git\cmd;C:\Program Files\NVIDIA Corporation\NVIDIA NvDLISR;C:\Program Files (x86)\NVIDIA Corporation\PhysX\Common;C:\Program Files\Go\bin;D:\Java Projects\apache-maven-3.9.5\bin;C:\Program Files\Java\jdk-17\bin;C:\Program Files (x86)\QuickTime\QTSystem\;C:\Users\GmrPC\AppData\Local\Programs\Python\Python310\Scripts\;C:\Users\GmrPC\AppData\Local\Programs\Python\Python310\;D:\Program Files\Python\Scripts\;D:\Program Files\Python\;C:\Users\GmrPC\AppData\Local\Microsoft\WindowsApps;C:\Program Files\JetBrains\PyCharm Community Edition 2023.1.2\bin;C:\FFmpeg\bin;C:\Users\GmrPC\go\bin;C:\Users\GmrPC\AppData\Local\Programs\Microsoft VS Code\bin;C:\Program Files\Java\jdk-17\bin
Check launcher:	C:\Program Files\Java\jdk-17\bin\javaw.exe (OK)
Version string: 1.017.000_007 / 64-Bit (OK)
Launcher:	C:\Program Files\Java\jdk-17\bin\javaw.exe
Launcher args:	-jar "C:\Users\GmrPC\IdeaProjects\Sender\SenderClient.exe"
Args length:	58/32768 chars
Exit code:	0
